<?xml version="1.0" encoding="UTF-8"?>
<!-- Generated by org.testng.reporters.JUnitReportReporter -->
<testsuite skipped="0" hostname="LAPTOP-AVDBT8C1" name="tests.QuotePage_PageTest" tests="2" failures="0" timestamp="30 Jan 2019 14:38:37 GMT" time="50.280" errors="0">
  <testcase name="initialize" time="10.941" classname="tests.QuotePage_PageTest"/>
  <testcase name="testQuoteFormComponent" time="39.339" classname="tests.QuotePage_PageTest"/>
</testsuite> <!-- tests.QuotePage_PageTest -->
