<?xml version="1.0" encoding="UTF-8"?>
<!-- Generated by org.testng.reporters.JUnitReportReporter -->
<testsuite skipped="0" hostname="LAPTOP-AVDBT8C1" name="tests.QuotePage_PageTest" tests="2" failures="0" timestamp="11 Jan 2019 19:13:59 GMT" time="88.643" errors="0">
  <testcase name="initialize" time="17.326" classname="tests.QuotePage_PageTest"/>
  <testcase name="testQuoteFormComponent" time="71.317" classname="tests.QuotePage_PageTest"/>
</testsuite> <!-- tests.QuotePage_PageTest -->
